C51 COMPILER V9.60.0.0   ROLL                                                              11/29/2022 16:39:16 PAGE 1   


C51 COMPILER V9.60.0.0, COMPILATION OF MODULE ROLL
OBJECT MODULE PLACED IN .\Objects\roll.obj
COMPILER INVOKED BY: C:\Keil_v5\C51\BIN\C51.EXE roll.c OPTIMIZE(8,SPEED) BROWSE DEBUG OBJECTEXTEND PRINT(.\Listings\roll
                    -.lst) TABS(2) OBJECT(.\Objects\roll.obj)

line level    source

   1          #include <regx51.h>
   2          void init_uart(); //??UART?????
   3          char recivevalue; //???????
   4          
   5          void main()
   6          {
   7   1      int_uart();
*** WARNING C206 IN LINE 7 OF roll.c: 'int_uart': missing function-prototype
   8   1      while(1)
   9   1      {
  10   2      while(RI == 0); //??????
  11   2       RI=0;
  12   2       recivevalue=SBUF; //????SBUF????recivevalue?
  13   2       P2 = recivevalue; //??????LED????
  14   2       if(recivevalue =='q') //??????q
  15   2       {
  16   3       SBUF= recivevalue; //???????
  17   3       while(TI==0); //??????
  18   3       TI=0; //?TI????0
  19   3       }
  20   2       }
  21   1       }
  22           void init_uart(void)
  23           {
  24   1       SCON=0x50; //??SCON????????mode1
  25   1       TMOD=0x20; //??TIMER1?Mode2
  26   1       TH1=0xe6; //baud??? 1200
  27   1       TR1=1; //TCON?Timer1????? TR1?1
  28   1       }


MODULE INFORMATION:   STATIC OVERLAYABLE
   CODE SIZE        =     40    ----
   CONSTANT SIZE    =   ----    ----
   XDATA SIZE       =   ----    ----
   PDATA SIZE       =   ----    ----
   DATA SIZE        =      1    ----
   IDATA SIZE       =   ----    ----
   BIT SIZE         =   ----    ----
END OF MODULE INFORMATION.


C51 COMPILATION COMPLETE.  1 WARNING(S),  0 ERROR(S)
