C51 COMPILER V9.60.0.0   USB                                                               11/29/2022 15:33:12 PAGE 1   


C51 COMPILER V9.60.0.0, COMPILATION OF MODULE USB
OBJECT MODULE PLACED IN .\Objects\usb.obj
COMPILER INVOKED BY: C:\Keil_v5\C51\BIN\C51.EXE usb.c OPTIMIZE(8,SPEED) BROWSE DEBUG OBJECTEXTEND PRINT(.\Listings\usb.l
                    -st) TABS(2) OBJECT(.\Objects\usb.obj)

line level    source

   1          #include <regx51.h>
   2          void init_uart(); //??UART?????
   3          char recivevalue; //???????
   4          
   5          void main()
   6          {
   7   1      init_uart(); //??UART
   8   1      while(1);
   9   1      }
  10          
  11          void init_uart(void)
  12          {
  13   1       SCON=0x50; //??SCON????????mode1
  14   1       TMOD=0x20; //??TIMER1?Mode2
  15   1       TH1=0xe6; //baud??? 1200
  16   1       TR1=1; //TCON?Timer1????? TR1?1
  17   1       IE=0x90; //??UART???? EA?ES???1
  18   1      }
  19          
  20          void init_uart1(void) interrupt 4 //UART??
  21          {
  22   1       while(RI == 0); //??????
  23   1       RI=0;
  24   1       recivevalue=SBUF; //????SBUF????recivevalue?
  25   1       P2 = recivevalue; //??????LED????
  26   1       if(recivevalue == 'q') 
  27   1       {
  28   2       SBUF= recivevalue; //???????
  29   2       while(TI==0); //??????
  30   2       TI=0; //?TI????0
  31   2       }
  32   1       }
  33           
  34           


MODULE INFORMATION:   STATIC OVERLAYABLE
   CODE SIZE        =     52    ----
   CONSTANT SIZE    =   ----    ----
   XDATA SIZE       =   ----    ----
   PDATA SIZE       =   ----    ----
   DATA SIZE        =      1    ----
   IDATA SIZE       =   ----    ----
   BIT SIZE         =   ----    ----
END OF MODULE INFORMATION.


C51 COMPILATION COMPLETE.  0 WARNING(S),  0 ERROR(S)
