C51 COMPILER V9.60.0.0   ____2                                                             11/29/2022 18:04:54 PAGE 1   


C51 COMPILER V9.60.0.0, COMPILATION OF MODULE ____2
OBJECT MODULE PLACED IN .\Objects\¾Ç¸¹2.obj
COMPILER INVOKED BY: C:\Keil_v5\C51\BIN\C51.EXE ¾Ç¸¹2.c OPTIMIZE(8,SPEED) BROWSE DEBUG OBJECTEXTEND PRINT(.\Listings\¾Ç¸
                    -¹2.lst) TABS(2) OBJECT(.\Objects\¾Ç¸¹2.obj)

line level    source

   1          #include<regx51.h>
   2          
   3          void init_uart();
   4          void switch_ele();
   5          void check();
   6          
   7          char recivevalue;
   8          char N[9] = {'\0'};
   9          char ref[9] = {'7','8','0','4','9','0','4','9','e'};
  10          //'E','9','4','0','9','4','0','8','7'
  11          
  12          int flag = 0;
  13          int counter = 0;
  14          
  15          void main( ){
  16   1        init_uart();
  17   1        while(1);
  18   1      }
  19          
  20          
  21          void init_uart(void)
  22          {
  23   1        SCON=0x50;
  24   1        TMOD=0x20;
  25   1        TH1=0xe6;
  26   1        TR1=1;
  27   1        IE=0x90;
  28   1      } 
  29          
  30          void UART_Isr(void) interrupt 4
  31          { 
  32   1        while(RI == 0);
  33   1        RI=0;
  34   1        counter++;
  35   1      
  36   1        recivevalue=SBUF;
  37   1        P2 = recivevalue;
  38   1      
  39   1        switch_ele();
  40   1        N[0] = recivevalue;
  41   1        
  42   1        check();
  43   1        
  44   1        if(counter == 9 && flag == 9)
  45   1        {
  46   2          SBUF='\n';
  47   2          while(TI==0);
  48   2          TI=0;
  49   2          SBUF='c';
  50   2          while(TI==0);
  51   2          TI=0;
  52   2          SBUF='o';
  53   2          while(TI==0);
  54   2          TI=0;
C51 COMPILER V9.60.0.0   ____2                                                             11/29/2022 18:04:54 PAGE 2   

  55   2          SBUF='r';
  56   2          while(TI==0);
  57   2          TI=0;
  58   2          SBUF='r';
  59   2          while(TI==0);
  60   2          TI=0;
  61   2          SBUF='e';
  62   2          while(TI==0);
  63   2          TI=0;
  64   2          SBUF='c';
  65   2          while(TI==0);
  66   2          TI=0;
  67   2          SBUF='t';
  68   2          while(TI==0);
  69   2          TI=0;
  70   2          SBUF='\n';
  71   2          while(TI==0);
  72   2          TI=0;
  73   2          counter = counter - 9;
  74   2        }
  75   1      
  76   1        else if(counter == 9 && flag != 9)
  77   1        {
  78   2          SBUF='\n';
  79   2          while(TI==0);
  80   2          TI=0;
  81   2          SBUF='w';
  82   2          while(TI==0);
  83   2          TI=0;
  84   2          SBUF='r';
  85   2          while(TI==0);
  86   2          TI=0;
  87   2          SBUF='o';
  88   2          while(TI==0);
  89   2          TI=0;
  90   2          SBUF='n';
  91   2          while(TI==0);
  92   2          TI=0;
  93   2          SBUF='g';
  94   2          while(TI==0);
  95   2          TI=0;
  96   2          SBUF='\n';
  97   2          while(TI==0);
  98   2          TI=0;
  99   2          counter = counter - 9;
 100   2        }
 101   1        
 102   1        flag = 0;
 103   1        
 104   1      }
 105          
 106          void switch_ele(void)
 107          {
 108   1        int i = 8;
 109   1        for(; i>0; i--)
 110   1        {
 111   2          N[i] = N[i-1];
 112   2        }
 113   1      }
 114          
 115          void check(void)
 116          {
C51 COMPILER V9.60.0.0   ____2                                                             11/29/2022 18:04:54 PAGE 3   

 117   1        int j = 8;
 118   1        for(; j>=0;j--)
 119   1        {
 120   2          if(N[j] == ref[j])
 121   2            flag += 1;
 122   2        }
 123   1      }


MODULE INFORMATION:   STATIC OVERLAYABLE
   CODE SIZE        =    346    ----
   CONSTANT SIZE    =   ----    ----
   XDATA SIZE       =   ----    ----
   PDATA SIZE       =   ----    ----
   DATA SIZE        =     23    ----
   IDATA SIZE       =   ----    ----
   BIT SIZE         =   ----    ----
END OF MODULE INFORMATION.


C51 COMPILATION COMPLETE.  0 WARNING(S),  0 ERROR(S)
