C51 COMPILER V9.60.7.0   ROLL                                                              11/29/2023 19:02:47 PAGE 1   


C51 COMPILER V9.60.7.0, COMPILATION OF MODULE ROLL
OBJECT MODULE PLACED IN .\Objects\roll.obj
COMPILER INVOKED BY: C:\Keil_v5\C51\BIN\C51.EXE roll.c OPTIMIZE(8,SPEED) BROWSE DEBUG OBJECTEXTEND PRINT(.\Listings\roll
                    -.lst) TABS(2) OBJECT(.\Objects\roll.obj)

line level    source

   1          #include <regx51.h>
   2          
   3          void main( )
   4          {
   5   1       while(1)
   6   1       {
   7   2         if(P1 >256 / 2) //if P1 greater than 256/2
   8   2           P2 = 0; //LED on
   9   2         else
  10   2           P2 = 255; //LED off
  11   2       }
  12   1      }


MODULE INFORMATION:   STATIC OVERLAYABLE
   CODE SIZE        =     17    ----
   CONSTANT SIZE    =   ----    ----
   XDATA SIZE       =   ----    ----
   PDATA SIZE       =   ----    ----
   DATA SIZE        =   ----    ----
   IDATA SIZE       =   ----    ----
   BIT SIZE         =   ----    ----
END OF MODULE INFORMATION.


C51 COMPILATION COMPLETE.  0 WARNING(S),  0 ERROR(S)
