C51 COMPILER V9.60.7.0   ____                                                              12/02/2023 22:51:33 PAGE 1   


C51 COMPILER V9.60.7.0, COMPILATION OF MODULE ____
OBJECT MODULE PLACED IN .\Objects\基礎.obj
COMPILER INVOKED BY: C:\Keil_v5\C51\BIN\C51.EXE 基礎.c OPTIMIZE(8,SPEED) BROWSE DEBUG OBJECTEXTEND PRINT(.\Listings\基礎
                    -.lst) TABS(2) OBJECT(.\Objects\基礎.obj)

line level    source

   1          #include <regx51.h>
   2          void print_msg(char *);
   3          void write(char, int);
   4          void delay(unsigned int);
   5          
   6          void main()
   7          {
   8   1      write(0x38, 0);
   9   1      write(0x0F, 0);
  10   1      write(0x06, 0);
  11   1      write(0x01, 0);
  12   1      write(0x80, 0);
  13   1      print_msg("Hello, world!");
  14   1      while (1);
  15   1      }
  16          
  17          void print_msg(char *msg)
  18          {
  19   1        for(;*msg!='\0';msg++)
  20   1             write(*msg,1);
  21   1      }
  22          
  23          void write(char cmd,int rs_value)
  24          {
  25   1        P1=cmd;
  26   1        P3_0=rs_value;
  27   1        P3_1=1;
  28   1        delay(100);
  29   1        P3_1=0;
  30   1      }
  31          
  32          void delay(unsigned int i)
  33          {
  34   1        while(i--);
  35   1      }


MODULE INFORMATION:   STATIC OVERLAYABLE
   CODE SIZE        =    118    ----
   CONSTANT SIZE    =     14    ----
   XDATA SIZE       =   ----    ----
   PDATA SIZE       =   ----    ----
   DATA SIZE        =   ----       3
   IDATA SIZE       =   ----    ----
   BIT SIZE         =   ----    ----
END OF MODULE INFORMATION.


C51 COMPILATION COMPLETE.  0 WARNING(S),  0 ERROR(S)
