A51 MACRO ASSEMBLER  HW2_1                                                                10/10/2023 16:21:41 PAGE     1


MACRO ASSEMBLER A51 V8.2.7.0
OBJECT MODULE PLACED IN .\Objects\hw2_1.obj
ASSEMBLER INVOKED BY: C:\Keil_v5\C51\BIN\A51.EXE hw2_1.A51 SET(SMALL) DEBUG PRINT(.\Listings\hw2_1.lst) OBJECT(.\Objects
                      \hw2_1.obj) EP

LOC  OBJ            LINE     SOURCE

                       1      
                       2     
                       3     
                       4     
                       5     
                       6     
                       7     
                       8     
                       9     
                      10     
                      11     
                      12     
                      13     
                      14     
                      15     
                      16     
                      17     
                      18     
                      19     
                      20     
                      21     
                      22     
                      23     
                      24     
                      25     
                      26     
                      27     
                      28     
                      29     
                      30     
                      31     
                      32     
                      33     
                      34     
                      35     
                      36     
                      37     
                      38     
                      39     
                      40     
                      41     
                      42     
                      43     
                      44     
                      45     
                      46     
                      47     
0000                  48                ORG 0 ; start from0000H ex3
0000 90007D           49                      MOV DPTR, #TABLE ; DPTR point to TABLE
0003 7D02             50                      MOV R5, #2 ; 2 numbers
0005 74E5             51                      MOV A,#11100101B
0007 F590             52                      MOV P1, A
0009 7400             53                      MOV A,#0
000B F500             54                      MOV P2.6,A
*** ______________________________________________^
*** ERROR #A48 IN 54 (hw2_1.A51, LINE 54): DATA-ADDRESS EXPECTED
                      55                      
A51 MACRO ASSEMBLER  HW2_1                                                                10/10/2023 16:21:41 PAGE     2

                      56                      
000D 7801             57     START:   MOV R0, #1 ; initialize typed signal
000F 7904             58                      MOV R1, #4 ; set 4 row
0011 7AF7             59                      MOV R2, #11110111B ; set first row
                      60                        
                      61     
0013 EA               62     SCAN:    MOV A, R2 ; move R2 to A
0014 F5A0             63                      MOV P2, A ; input scanned signal
0016 30A721           64                      JNB P2.7, NUMBERIN ; scan column 1
0019 08               65                      INC R0 ; add #01 into R0
001A 30A61D           66                      JNB P2.6, NUMBERIN ; scan column 2
001D 08               67                      INC R0 ; add #01 into R0
001E 30A519           68                      JNB P2.5, NUMBERIN ; scan column 3
0021 08               69                      INC R0 ; add #01 into R0
0022 30A406           70                      JNB P2.4, KEYIN  
0025 03               71                      RR A ; nextrow
0026 FA               72                      MOV R2, A ; move A to R2
0027 D9EA             73                      DJNZ R1, SCAN ; scan 3 rows
0029 80E2             74                      SJMP START ; jump to scan keypad again
                      75                      
                      76                      
                      77                      
                      78                      
002B 1147             79     KEYIN:   CALL DEBOUNCE ; call debounce function
002D E8               80                      MOV A, R0 ; get typed signal
002E 30A31F           81                      JNB P2.3,DO_ADD
0031 30A23D           82                      JNB P2.2,DO_SUB
0034 7E00             83                      MOV R6,#0
0036 7F00             84                      MOV R7,#0
0038 80D3             85                      SJMP START; jump to scan keypad again
                      86     
                      87                      
003A 1147             88     NUMBERIN:  CALL DEBOUNCE
003C E8               89                        MOV A, R0
003D DD05             90                        DJNZ R5,NUMBER_ONE
003F FF               91                        MOV R7, A
0040 7D02             92                        MOV R5,#2
0042 80C9             93                        SJMP START
0044 FE               94     NUMBER_ONE: MOV R6, A
0045 80C6             95                             SJMP START
                      96                             
0047 7C32             97     DEBOUNCE:  MOV R4, #50 ; move 50 times intoR4
0049 7BFA             98     DE_500_us: MOV R3, #250 ; move 250 times intoR3
004B DBFE             99                DJNZ R3, $ ; jump to itself R3 times
004D DCFA            100                        DJNZ R4, DE_500_us ; delay 25ms
004F 22              101                RET ; return to main code
                     102     
                     103     
                     104                             
0050 1147            105     DO_ADD: CALL DEBOUNCE
0052 EE              106                     MOV A,R6
0053 8FF0            107                     MOV B,R7
0055 25F0            108                     ADD A,B
0057 75F00A          109                     MOV B,#00AH
005A 84              110                     DIV AB
005B 93              111                     MOVC A, @A+DPTR
005C F590            112                     MOV P1, A
005E 1147            113                     CALL DEBOUNCE
0060 1147            114                     CALL DEBOUNCE
0062 1147            115                     CALL DEBOUNCE
0064 1147            116                     CALL DEBOUNCE
0066 1147            117                     CALL DEBOUNCE
0068 1147            118                     CALL DEBOUNCE
006A E5F0            119                     MOV A,B
006C 93              120                     MOVC A , @A+DPTR
006D F590            121                     MOV P1, A
A51 MACRO ASSEMBLER  HW2_1                                                                10/10/2023 16:21:41 PAGE     3

006F 809C            122                     SJMP START
                     123     
0071 1147            124     DO_SUB: CALL DEBOUNCE
0073 EE              125                MOV A, R6
0074 8FF0            126                MOV B, R7
0076 95F0            127                SUBB A,B
0078 93              128                MOVC A, @A+DPTR
0079 F590            129                MOV P1, A
007B 8090            130                SJMP START
007D                 131     TABLE: 
007D 9F              132            DB 10011111B; 1
007E 25              133            DB 00100101B; 2
007F 0D              134            DB 00001101B; 3 
0080 99              135            DB 10011001B; 4
0081 49              136            DB 01001001B; 5
0082 41              137            DB 01000001B; 6   
0083 1B              138            DB 00011011B; 7
0084 01              139            DB 00000001B; 8
0085 09              140            DB 00001001B; 9 
                     141            END
                             
                             
A51 MACRO ASSEMBLER  HW2_1                                                                10/10/2023 16:21:41 PAGE     4

SYMBOL TABLE LISTING
------ ----- -------


N A M E             T Y P E  V A L U E   ATTRIBUTES

B. . . . . . . . .  D ADDR   00F0H   A   
DEBOUNCE . . . . .  C ADDR   0047H   A   
DE_500_US. . . . .  C ADDR   0049H   A   
DO_ADD . . . . . .  C ADDR   0050H   A   
DO_SUB . . . . . .  C ADDR   0071H   A   
KEYIN. . . . . . .  C ADDR   002BH   A   
NUMBERIN . . . . .  C ADDR   003AH   A   
NUMBER_ONE . . . .  C ADDR   0044H   A   
P1 . . . . . . . .  D ADDR   0090H   A   
P2 . . . . . . . .  D ADDR   00A0H   A   
SCAN . . . . . . .  C ADDR   0013H   A   
START. . . . . . .  C ADDR   000DH   A   
TABLE. . . . . . .  C ADDR   007DH   A   


REGISTER BANK(S) USED: 0 


ASSEMBLY COMPLETE.  0 WARNING(S), 1 ERROR(S)
