C51 COMPILER V9.60.0.0   ____                                                              12/15/2022 21:08:19 PAGE 1   


C51 COMPILER V9.60.0.0, COMPILATION OF MODULE ____
OBJECT MODULE PLACED IN .\Objects\期末.obj
COMPILER INVOKED BY: C:\Keil_v5\C51\BIN\C51.EXE 期末.c OPTIMIZE(8,SPEED) BROWSE DEBUG OBJECTEXTEND PRINT(.\Listings\期末
                    -.lst) TABS(2) OBJECT(.\Objects\期末.obj)

line level    source

   1          #include <regx51.h>
   2          void print_msg(char *);
   3          void write(char, int);
   4          void delay(unsigned int);
   5          
   6          void main()
   7          {
   8   1      write(0x38, 0);  //mode set first
   9   1      write(0x0F, 0);  //control on/off
  10   1      write(0x06, 0);  //mode
  11   1      write(0x01, 0);  //clear
  12   1      write(0x80, 0); //DD line1
  13   1      print_msg("e94094087");
  14   1      
  15   1      
  16   1      write(0x40, 0);//row1 //CG
  17   1      write(0x00, 1);
  18   1      write(0x41, 0);
  19   1      write(0x0a, 1);
  20   1      write(0x42, 0);
  21   1      write(0x1f, 1);
  22   1      write(0x43, 0);
  23   1      write(0x1f, 1);
  24   1      write(0x44, 0);
  25   1      write(0x0e, 1);
  26   1      write(0x45, 0);
  27   1      write(0x04, 1);
  28   1      write(0x46, 0);
  29   1      write(0x00, 1);
  30   1      write(0x47, 0);
  31   1      write(0x00, 1);
  32   1      
  33   1      write(0x48, 0);
  34   1      write(0x00, 1);
  35   1      write(0x0a, 1);
  36   1      write(0x0a, 1);
  37   1      write(0x00, 1);
  38   1      write(0x11, 1);
  39   1      write(0x0e, 1);
  40   1      write(0x00, 1);
  41   1      write(0x00, 1);
  42   1      
  43   1      write(0xC0, 0);//line2
  44   1      write(0x00, 1);
  45   1      write(0xCf, 0);
  46   1      write(0x01, 1);
  47   1      
  48   1      while (1);
  49   1      }
  50          
  51          void print_msg(char *msg)
  52          {
  53   1        for(;*msg!='\0';msg++)
  54   1             write(*msg,1);
C51 COMPILER V9.60.0.0   ____                                                              12/15/2022 21:08:19 PAGE 2   

  55   1      }
  56          
  57          void write(char cmd,int rs_value)
  58          {
  59   1        P0=cmd;
  60   1        P3_0=rs_value;
  61   1        P3_1=1;
  62   1        delay(100);
  63   1        P3_1=0;
  64   1      }
  65          
  66          void delay(unsigned int i)
  67          {
  68   1        while(i--);
  69   1      }


MODULE INFORMATION:   STATIC OVERLAYABLE
   CODE SIZE        =    368    ----
   CONSTANT SIZE    =     10    ----
   XDATA SIZE       =   ----    ----
   PDATA SIZE       =   ----    ----
   DATA SIZE        =   ----       3
   IDATA SIZE       =   ----    ----
   BIT SIZE         =   ----    ----
END OF MODULE INFORMATION.


C51 COMPILATION COMPLETE.  0 WARNING(S),  0 ERROR(S)
