C51 COMPILER V9.60.7.0   INTERRUP                                                          11/14/2023 20:09:47 PAGE 1   


C51 COMPILER V9.60.7.0, COMPILATION OF MODULE INTERRUP
OBJECT MODULE PLACED IN .\Objects\interrup.obj
COMPILER INVOKED BY: C:\Keil_v5\C51\BIN\C51.EXE interrup.c OPTIMIZE(8,SPEED) BROWSE DEBUG OBJECTEXTEND PRINT(.\Listings\
                    -interrup.lst) TABS(2) OBJECT(.\Objects\interrup.obj)

line level    source

   1          #include <regx51.h> // include header file for 8051
   2          #define TH0_init 0x06 //TH0_init= 256 - 250
   3          #define TL0_init 0x06 //TL0_init = 256 - 250
   4          #define Timer0_int_exe_time 2000 //the parameter can be changed
   5          void delay(int t);
   6          int counter;
   7          void main( )
   8          {
   9   1      TMOD = 0x02; //set timer0 to mode 2(8-bits and auto-reload)
  10   1      IP = 0x02; //timer0 interrupt has high priority
  11   1      IE = 0x82; //enable timer0 interrupt
  12   1      P2 = 0xff;
  13   1      TL0 = TL0_init; TH0 = TH0_init; //set TH0 & TL0
  14   1      TCON = 0x10; //enable timer0
  15   1      while (1)
  16   1      {
  17   2      delay(51000); // adjust this parameter to match timer
  18   2      P2_0 = ~P2_0; //inverse P2.0
  19   2      }
  20   1      }
  21          void timer0_interrupt(void) interrupt 1 // ‘interrupt 1’ is int vector of INT0
  22          {
  23   1      counter++;
  24   1      if (counter == Timer0_int_exe_time) //250clock cycle * 2000 = 0.5 second
  25   1      {
  26   2      P2_1 = ~P2_1; //inverse P2.0
  27   2      counter = 0;
  28   2      }
  29   1      }
  30          //delay function
  31          void delay(int t)
  32          {
  33   1      while(t--);
  34   1      }


MODULE INFORMATION:   STATIC OVERLAYABLE
   CODE SIZE        =     76    ----
   CONSTANT SIZE    =   ----    ----
   XDATA SIZE       =   ----    ----
   PDATA SIZE       =   ----    ----
   DATA SIZE        =      2    ----
   IDATA SIZE       =   ----    ----
   BIT SIZE         =   ----    ----
END OF MODULE INFORMATION.


C51 COMPILATION COMPLETE.  0 WARNING(S),  0 ERROR(S)
