C51 COMPILER V9.60.7.0   1TO8                                                              11/29/2023 16:36:02 PAGE 1   


C51 COMPILER V9.60.7.0, COMPILATION OF MODULE 1TO8
OBJECT MODULE PLACED IN .\Objects\1to8.obj
COMPILER INVOKED BY: C:\Keil_v5\C51\BIN\C51.EXE 1to8.c OPTIMIZE(8,SPEED) BROWSE DEBUG OBJECTEXTEND PRINT(.\Listings\1to8
                    -.lst) TABS(2) OBJECT(.\Objects\1to8.obj)

line level    source

   1          #include <regx51.h>
   2          
   3          void main( )
   4          {
   5   1      IT0 = 0; //enable a low-level signal on external interrupt
   6   1      EX0 = 1; //enable INT0
   7   1      EA = 1; //enable interrupt
   8   1      P3_4 = 0; //WR=0,clean the data
   9   1      P3_4 = 1; //WR=1,analog convert to digital
  10   1      while(1); //infinite loop
  11   1      }
  12          
  13          void int_0(void)interrupt 0 //INT0 interrupt function
  14          {
  15   1       P3_5 = 0; //RD=0,read the digital data
  16   1       if (P1>=0 &&P1 <25) 
  17   1       {
  18   2         P2 = 255;//LED off
  19   2       }
  20   1       else if (P1 >=25 && P1 <50)//1
  21   1       {
  22   2         P2 = 254;
  23   2       }
  24   1       else if (P1 >=50 && P1 <75)//2
  25   1       {
  26   2         P2 = 252;
  27   2       } 
  28   1       else if (P1 >=75 && P1 <100)//3
  29   1       {
  30   2         P2 = 248;
  31   2       }  
  32   1       else if (P1 >=100 && P1 <125)//4
  33   1       {
  34   2         P2 = 240;
  35   2       }
  36   1       else if (P1 >=125 && P1 <150)//5
  37   1       {
  38   2         P2 = 224;
  39   2       }
  40   1       else if (P1 >=150 && P1 <175)//6
  41   1       {
  42   2         P2 = 192;
  43   2       }
  44   1       else if (P1 >=175 && P1 <200)//7
  45   1       {
  46   2         P2 = 128;
  47   2       }
  48   1       else if(P1>=200)//8 
  49   1       {
  50   2         P2 = 0;
  51   2       }  
  52   1      
  53   1       P3_5 = 1; //RD=1
  54   1       P3_4 = 0; //WR=0,clean the data
C51 COMPILER V9.60.7.0   1TO8                                                              11/29/2023 16:36:02 PAGE 2   

  55   1       P3_4 = 1; //WR=1,analog convert to digital
  56   1      }


MODULE INFORMATION:   STATIC OVERLAYABLE
   CODE SIZE        =    184    ----
   CONSTANT SIZE    =   ----    ----
   XDATA SIZE       =   ----    ----
   PDATA SIZE       =   ----    ----
   DATA SIZE        =   ----    ----
   IDATA SIZE       =   ----    ----
   BIT SIZE         =   ----    ----
END OF MODULE INFORMATION.


C51 COMPILATION COMPLETE.  0 WARNING(S),  0 ERROR(S)
