C51 COMPILER V9.60.7.0   ____                                                              12/18/2023 10:20:30 PAGE 1   


C51 COMPILER V9.60.7.0, COMPILATION OF MODULE ____
OBJECT MODULE PLACED IN .\Objects\基礎.obj
COMPILER INVOKED BY: C:\Keil_v5\C51\BIN\C51.EXE 基礎.c OPTIMIZE(8,SPEED) BROWSE DEBUG OBJECTEXTEND PRINT(.\Listings\基礎
                    -.lst) TABS(2) OBJECT(.\Objects\基礎.obj)

line level    source

   1          #include<regx51.h>
   2          void delay(unsigned int);
   3          
   4          void main()
   5          {
   6   1        while(1)
   7   1        {
   8   2          P2_0=0;
   9   2          delay(50000);
  10   2          P2_0=1;
  11   2          delay(50000);
  12   2        }
  13   1      }
  14          
  15          void delay(unsigned int t)
  16          {
  17   1        while(t--);
  18   1      }


MODULE INFORMATION:   STATIC OVERLAYABLE
   CODE SIZE        =     31    ----
   CONSTANT SIZE    =   ----    ----
   XDATA SIZE       =   ----    ----
   PDATA SIZE       =   ----    ----
   DATA SIZE        =   ----    ----
   IDATA SIZE       =   ----    ----
   BIT SIZE         =   ----    ----
END OF MODULE INFORMATION.


C51 COMPILATION COMPLETE.  0 WARNING(S),  0 ERROR(S)
