C51 COMPILER V9.60.0.0   1_1                                                               12/17/2022 00:24:54 PAGE 1   


C51 COMPILER V9.60.0.0, COMPILATION OF MODULE 1_1
OBJECT MODULE PLACED IN .\Objects\1-1.obj
COMPILER INVOKED BY: C:\Keil_v5\C51\BIN\C51.EXE 1-1.c OPTIMIZE(8,SPEED) BROWSE DEBUG OBJECTEXTEND PRINT(.\Listings\1-1.l
                    -st) TABS(2) OBJECT(.\Objects\1-1.obj)

line level    source

   1          #include <regx51.h>
   2          void print_msg(char *);
   3          void write(char, int);
   4          void delay(unsigned int);
   5          int of;//on off
   6          int count;
   7          int j;
   8          int enter;
   9          
  10          void main()
  11          {
  12   1      of=0;
  13   1      count=0;
  14   1      j=0;
  15   1      enter=0;
  16   1      
  17   1      IT0 = 0; //enable a low-level signal on external interrupt
  18   1      IT1 = 0;
  19   1      EX0 = 1; //enable INT0
  20   1      EX1 = 1; //enable INT1
  21   1      EA = 1; //enable interrupt
  22   1        
  23   1      write(0x38, 0);
  24   1      write(0x0F, 0);
  25   1      write(0x06, 0);
  26   1      write(0x01, 0);
  27   1      write(0x80, 0); //DD line1
  28   1      print_msg("e94094087");
  29   1      
  30   1      
  31   1      write(0x40, 0);//row1
  32   1      write(0x00, 1);
  33   1      write(0x41, 0);
  34   1      write(0x0a, 1);
  35   1      write(0x42, 0);
  36   1      write(0x1f, 1);
  37   1      write(0x43, 0);
  38   1      write(0x1f, 1);
  39   1      write(0x44, 0);
  40   1      write(0x0e, 1);
  41   1      write(0x45, 0);
  42   1      write(0x04, 1);
  43   1      write(0x46, 0);
  44   1      write(0x00, 1);
  45   1      write(0x47, 0);
  46   1      write(0x00, 1);
  47   1      
  48   1      write(0xC0, 0);//line2
  49   1      write(0x00, 1);
  50   1      
  51   1      while (1)
  52   1      {
  53   2      
  54   2      if(enter==1)
C51 COMPILER V9.60.0.0   1_1                                                               12/17/2022 00:24:54 PAGE 2   

  55   2      {
  56   3         if(of==0)
  57   3         {
  58   4            write(0x08 ,0);
  59   4         }
  60   3         else
  61   3         {
  62   4            write(0x0F, 0);
  63   4         }
  64   3      }
  65   2      
  66   2      if(enter==2)
  67   2      {
  68   3         if(count==1)
  69   3         {
  70   4           write(0x01, 0); //clean
  71   4           write(0x80, 0); //DD line1
  72   4           print_msg("pass"); 
  73   4         }
  74   3         else if(count==2)
  75   3         {
  76   4           
  77   4             //write(0x80+j, 0); //DD line1
  78   4             write(0x1C, 0);
  79   4             delay(10000);
  80   4         }
  81   3         else if(count==3)
  82   3         {
  83   4            
  84   4            //write(0x80+j, 0); //DD line1
  85   4            write(0x1C, 0);
  86   4            delay(1000);     
  87   4         }
  88   3         delay(15000);
  89   3       }
  90   2      }
  91   1      
  92   1      }
  93          
  94          void print_msg(char *msg)
  95          {
  96   1        for(;*msg!='\0';msg++)
  97   1             write(*msg,1);
  98   1      }
  99          
 100          void write(char cmd,int rs_value)
 101          {
 102   1        P0=cmd;
 103   1        P3_0=rs_value;
 104   1        P3_1=1;
 105   1        delay(100);
 106   1        P3_1=0;
 107   1      }
 108          
 109          void delay(unsigned int i)
 110          {
 111   1        while(i--);
 112   1      }
 113          
 114          void int_0(void)interrupt 0 //INT0 interrupt function
 115          {
 116   1        enter=1;
C51 COMPILER V9.60.0.0   1_1                                                               12/17/2022 00:24:54 PAGE 3   

 117   1       if(of==0)
 118   1       {
 119   2         of=1;
 120   2       }
 121   1       else
 122   1       {
 123   2         of=0;
 124   2         
 125   2       }
 126   1      }
 127          
 128          void int_1(void)interrupt 2 //INT1 interrupt function
 129          {
 130   1       enter=2;
 131   1       delay(20000);
 132   1       if(count==0)
 133   1       { 
 134   2         count=1;
 135   2       }
 136   1       else if(count==1)
 137   1       {
 138   2         count=2;
 139   2       }
 140   1       else if(count==2)
 141   1       {
 142   2         count=3;
 143   2       }
 144   1       else if(count==3)
 145   1       {
 146   2         count=0;
 147   2       }
 148   1      }
 149           


MODULE INFORMATION:   STATIC OVERLAYABLE
   CODE SIZE        =    538    ----
   CONSTANT SIZE    =     15    ----
   XDATA SIZE       =   ----    ----
   PDATA SIZE       =   ----    ----
   DATA SIZE        =      8       3
   IDATA SIZE       =   ----    ----
   BIT SIZE         =   ----    ----
END OF MODULE INFORMATION.


C51 COMPILATION COMPLETE.  0 WARNING(S),  0 ERROR(S)
